Performing C SOURCE FILE Test CMAKE_HAVE_LIBC_PTHREAD failed with the following output:
Change Dir: /home/anc/catkin_franka/build/CMakeFiles/CMakeTmp

Run Build Command(s):/usr/bin/make cmTC_8a39d/fast && /usr/bin/make -f CMakeFiles/cmTC_8a39d.dir/build.make CMakeFiles/cmTC_8a39d.dir/build
make[1]: 进入目录“/home/anc/catkin_franka/build/CMakeFiles/CMakeTmp”
Building C object CMakeFiles/cmTC_8a39d.dir/src.c.o
/usr/bin/cc   -DCMAKE_HAVE_LIBC_PTHREAD   -o CMakeFiles/cmTC_8a39d.dir/src.c.o   -c /home/anc/catkin_franka/build/CMakeFiles/CMakeTmp/src.c
Linking C executable cmTC_8a39d
/usr/bin/cmake -E cmake_link_script CMakeFiles/cmTC_8a39d.dir/link.txt --verbose=1
/usr/bin/cc  -DCMAKE_HAVE_LIBC_PTHREAD    -rdynamic CMakeFiles/cmTC_8a39d.dir/src.c.o  -o cmTC_8a39d 
/usr/bin/ld: CMakeFiles/cmTC_8a39d.dir/src.c.o: in function `main':
src.c:(.text+0x46): undefined reference to `pthread_create'
/usr/bin/ld: src.c:(.text+0x52): undefined reference to `pthread_detach'
/usr/bin/ld: src.c:(.text+0x63): undefined reference to `pthread_join'
collect2: error: ld returned 1 exit status
make[1]: *** [CMakeFiles/cmTC_8a39d.dir/build.make:87：cmTC_8a39d] 错误 1
make[1]: 离开目录“/home/anc/catkin_franka/build/CMakeFiles/CMakeTmp”
make: *** [Makefile:121：cmTC_8a39d/fast] 错误 2


Source file was:
#include <pthread.h>

void* test_func(void* data)
{
  return data;
}

int main(void)
{
  pthread_t thread;
  pthread_create(&thread, NULL, test_func, NULL);
  pthread_detach(thread);
  pthread_join(thread, NULL);
  pthread_atfork(NULL, NULL, NULL);
  pthread_exit(NULL);

  return 0;
}

Determining if the function pthread_create exists in the pthreads failed with the following output:
Change Dir: /home/anc/catkin_franka/build/CMakeFiles/CMakeTmp

Run Build Command(s):/usr/bin/make cmTC_79c81/fast && /usr/bin/make -f CMakeFiles/cmTC_79c81.dir/build.make CMakeFiles/cmTC_79c81.dir/build
make[1]: 进入目录“/home/anc/catkin_franka/build/CMakeFiles/CMakeTmp”
Building C object CMakeFiles/cmTC_79c81.dir/CheckFunctionExists.c.o
/usr/bin/cc   -DCHECK_FUNCTION_EXISTS=pthread_create   -o CMakeFiles/cmTC_79c81.dir/CheckFunctionExists.c.o   -c /usr/share/cmake-3.16/Modules/CheckFunctionExists.c
Linking C executable cmTC_79c81
/usr/bin/cmake -E cmake_link_script CMakeFiles/cmTC_79c81.dir/link.txt --verbose=1
/usr/bin/cc  -DCHECK_FUNCTION_EXISTS=pthread_create    -rdynamic CMakeFiles/cmTC_79c81.dir/CheckFunctionExists.c.o  -o cmTC_79c81  -lpthreads 
/usr/bin/ld: 找不到 -lpthreads
collect2: error: ld returned 1 exit status
make[1]: *** [CMakeFiles/cmTC_79c81.dir/build.make:87：cmTC_79c81] 错误 1
make[1]: 离开目录“/home/anc/catkin_franka/build/CMakeFiles/CMakeTmp”
make: *** [Makefile:121：cmTC_79c81/fast] 错误 2



Performing C++ SOURCE FILE Test HAVE_TSan failed with the following output:
Change Dir: /home/anc/catkin_franka/build/CMakeFiles/CMakeTmp

Run Build Command(s):/usr/bin/make cmTC_7354e/fast && make[1]: Entering directory '/home/anc/catkin_franka/build/CMakeFiles/CMakeTmp'
/usr/bin/make -f CMakeFiles/cmTC_7354e.dir/build.make CMakeFiles/cmTC_7354e.dir/build
make[2]: Entering directory '/home/anc/catkin_franka/build/CMakeFiles/CMakeTmp'
Building CXX object CMakeFiles/cmTC_7354e.dir/src.cxx.o
/usr/bin/c++    -DHAVE_TSan   -g -O1 -fsanitize=thread -o CMakeFiles/cmTC_7354e.dir/src.cxx.o -c /home/anc/catkin_franka/build/CMakeFiles/CMakeTmp/src.cxx
Linking CXX executable cmTC_7354e
/usr/bin/cmake -E cmake_link_script CMakeFiles/cmTC_7354e.dir/link.txt --verbose=1
/usr/bin/c++   -DHAVE_TSan    CMakeFiles/cmTC_7354e.dir/src.cxx.o  -o cmTC_7354e  -g -O1 -fsanitize=thread 
/usr/bin/ld: cannot find libtsan_preinit.o: No such file or directory
collect2: error: ld returned 1 exit status
make[2]: *** [CMakeFiles/cmTC_7354e.dir/build.make:87: cmTC_7354e] Error 1
make[2]: Leaving directory '/home/anc/catkin_franka/build/CMakeFiles/CMakeTmp'
make[1]: *** [Makefile:121: cmTC_7354e/fast] Error 2
make[1]: Leaving directory '/home/anc/catkin_franka/build/CMakeFiles/CMakeTmp'


Source file was:
int main() { return 0; }
